
> financeiro-frontend@0.1.0 dev
> next dev

▲ Next.js 16.1.4 (Turbopack)
- Local:         http://localhost:3000
- Network:       http://192.168.0.2:3000

✓ Starting...
✓ Ready in 1114ms
○ Compiling /landing ...
🔗 API_BASE_URL configurada: http://127.0.0.1:8000/api/financeiro
 GET /landing 200 in 7.7s (compile: 7.3s, render: 446ms)
 GET /login 200 in 1091ms (compile: 1038ms, render: 54ms)
 GET /landing 200 in 124ms (compile: 7ms, render: 117ms)
 GET /login 200 in 33ms (compile: 4ms, render: 29ms)
⨯ ./src/components/MainLayout.tsx:6:1
Module not found: Can't resolve './FloatingNav'
[0m [90m 4 |[39m [36mimport[39m { usePathname[33m,[39m useRouter } [36mfrom[39m [32m'next/navigation'[39m[33m;[39m
 [90m 5 |[39m [36mimport[39m { useEffect } [36mfrom[39m [32m'react'[39m[33m;[39m
[31m[1m>[22m[39m[90m 6 |[39m [36mimport[39m { [33mFloatingNav[39m } [36mfrom[39m [32m'./FloatingNav'[39m[33m;[39m
 [90m   |[39m [31m[1m^[22m[39m[31m[1m^[22m[39m[31m[1m^[22m[39m[31m[1m^[22m[39m[31m[1m^[22m[39m[31m[1m^[22m[39m[31m[1m^[22m[39m[31m[1m^[22m[39m[31m[1m^[22m[39m[31m[1m^[22m[39m[31m[1m^[22m[39m[31m[1m^[22m[39m[31m[1m^[22m[39m[31m[1m^[22m[39m[31m[1m^[22m[39m[31m[1m^[22m[39m[31m[1m^[22m[39m[31m[1m^[22m[39m[31m[1m^[22m[39m[31m[1m^[22m[39m[31m[1m^[22m[39m[31m[1m^[22m[39m[31m[1m^[22m[39m[31m[1m^[22m[39m[31m[1m^[22m[39m[31m[1m^[22m[39m[31m[1m^[22m[39m[31m[1m^[22m[39m[31m[1m^[22m[39m[31m[1m^[22m[39m[31m[1m^[22m[39m[31m[1m^[22m[39m[31m[1m^[22m[39m[31m[1m^[22m[39m[31m[1m^[22m[39m[31m[1m^[22m[39m[31m[1m^[22m[39m[31m[1m^[22m[39m[31m[1m^[22m[39m[31m[1m^[22m[39m[31m[1m^[22m[39m[31m[1m^[22m[39m[31m[1m^[22m[39m[31m[1m^[22m[39m
 [90m 7 |[39m [36mimport[39m { [33mStoreSelector[39m } [36mfrom[39m [32m'./StoreSelector'[39m[33m;[39m
 [90m 8 |[39m
 [90m 9 |[39m [36mexport[39m [36mfunction[39m [33mMainLayout[39m({ children }[33m:[39m { children[33m:[39m [33mReact[39m[33m.[39m[33mReactNode[39m }) {[0m



Import trace:
  Server Component:
    ./src/components/MainLayout.tsx
    ./src/app/layout.tsx

https://nextjs.org/docs/messages/module-not-found


⨯ ./src/components/MainLayout.tsx:6:1
Module not found: Can't resolve './FloatingNav'
[0m [90m 4 |[39m [36mimport[39m { usePathname[33m,[39m useRouter } [36mfrom[39m [32m'next/navigation'[39m[33m;[39m
 [90m 5 |[39m [36mimport[39m { useEffect } [36mfrom[39m [32m'react'[39m[33m;[39m
[31m[1m>[22m[39m[90m 6 |[39m [36mimport[39m { [33mFloatingNav[39m } [36mfrom[39m [32m'./FloatingNav'[39m[33m;[39m
 [90m   |[39m [31m[1m^[22m[39m[31m[1m^[22m[39m[31m[1m^[22m[39m[31m[1m^[22m[39m[31m[1m^[22m[39m[31m[1m^[22m[39m[31m[1m^[22m[39m[31m[1m^[22m[39m[31m[1m^[22m[39m[31m[1m^[22m[39m[31m[1m^[22m[39m[31m[1m^[22m[39m[31m[1m^[22m[39m[31m[1m^[22m[39m[31m[1m^[22m[39m[31m[1m^[22m[39m[31m[1m^[22m[39m[31m[1m^[22m[39m[31m[1m^[22m[39m[31m[1m^[22m[39m[31m[1m^[22m[39m[31m[1m^[22m[39m[31m[1m^[22m[39m[31m[1m^[22m[39m[31m[1m^[22m[39m[31m[1m^[22m[39m[31m[1m^[22m[39m[31m[1m^[22m[39m[31m[1m^[22m[39m[31m[1m^[22m[39m[31m[1m^[22m[39m[31m[1m^[22m[39m[31m[1m^[22m[39m[31m[1m^[22m[39m[31m[1m^[22m[39m[31m[1m^[22m[39m[31m[1m^[22m[39m[31m[1m^[22m[39m[31m[1m^[22m[39m[31m[1m^[22m[39m[31m[1m^[22m[39m[31m[1m^[22m[39m[31m[1m^[22m[39m[31m[1m^[22m[39m
 [90m 7 |[39m [36mimport[39m { [33mStoreSelector[39m } [36mfrom[39m [32m'./StoreSelector'[39m[33m;[39m
 [90m 8 |[39m
 [90m 9 |[39m [36mexport[39m [36mfunction[39m [33mMainLayout[39m({ children }[33m:[39m { children[33m:[39m [33mReact[39m[33m.[39m[33mReactNode[39m }) {[0m



Import trace:
  Server Component:
    ./src/components/MainLayout.tsx
    ./src/app/layout.tsx

https://nextjs.org/docs/messages/module-not-found


⨯ ./src/components/MainLayout.tsx:6:1
Module not found: Can't resolve './FloatingNav'
[0m [90m 4 |[39m [36mimport[39m { usePathname[33m,[39m useRouter } [36mfrom[39m [32m'next/navigation'[39m[33m;[39m
 [90m 5 |[39m [36mimport[39m { useEffect } [36mfrom[39m [32m'react'[39m[33m;[39m
[31m[1m>[22m[39m[90m 6 |[39m [36mimport[39m { [33mFloatingNav[39m } [36mfrom[39m [32m'./FloatingNav'[39m[33m;[39m
 [90m   |[39m [31m[1m^[22m[39m[31m[1m^[22m[39m[31m[1m^[22m[39m[31m[1m^[22m[39m[31m[1m^[22m[39m[31m[1m^[22m[39m[31m[1m^[22m[39m[31m[1m^[22m[39m[31m[1m^[22m[39m[31m[1m^[22m[39m[31m[1m^[22m[39m[31m[1m^[22m[39m[31m[1m^[22m[39m[31m[1m^[22m[39m[31m[1m^[22m[39m[31m[1m^[22m[39m[31m[1m^[22m[39m[31m[1m^[22m[39m[31m[1m^[22m[39m[31m[1m^[22m[39m[31m[1m^[22m[39m[31m[1m^[22m[39m[31m[1m^[22m[39m[31m[1m^[22m[39m[31m[1m^[22m[39m[31m[1m^[22m[39m[31m[1m^[22m[39m[31m[1m^[22m[39m[31m[1m^[22m[39m[31m[1m^[22m[39m[31m[1m^[22m[39m[31m[1m^[22m[39m[31m[1m^[22m[39m[31m[1m^[22m[39m[31m[1m^[22m[39m[31m[1m^[22m[39m[31m[1m^[22m[39m[31m[1m^[22m[39m[31m[1m^[22m[39m[31m[1m^[22m[39m[31m[1m^[22m[39m[31m[1m^[22m[39m[31m[1m^[22m[39m
 [90m 7 |[39m [36mimport[39m { [33mStoreSelector[39m } [36mfrom[39m [32m'./StoreSelector'[39m[33m;[39m
 [90m 8 |[39m
 [90m 9 |[39m [36mexport[39m [36mfunction[39m [33mMainLayout[39m({ children }[33m:[39m { children[33m:[39m [33mReact[39m[33m.[39m[33mReactNode[39m }) {[0m



Import trace:
  Server Component:
    ./src/components/MainLayout.tsx
    ./src/app/layout.tsx

https://nextjs.org/docs/messages/module-not-found


⨯ ./src/components/MainLayout.tsx:6:1
Module not found: Can't resolve './FloatingNav'
[0m [90m 4 |[39m [36mimport[39m { usePathname[33m,[39m useRouter } [36mfrom[39m [32m'next/navigation'[39m[33m;[39m
 [90m 5 |[39m [36mimport[39m { useEffect } [36mfrom[39m [32m'react'[39m[33m;[39m
[31m[1m>[22m[39m[90m 6 |[39m [36mimport[39m { [33mFloatingNav[39m } [36mfrom[39m [32m'./FloatingNav'[39m[33m;[39m
 [90m   |[39m [31m[1m^[22m[39m[31m[1m^[22m[39m[31m[1m^[22m[39m[31m[1m^[22m[39m[31m[1m^[22m[39m[31m[1m^[22m[39m[31m[1m^[22m[39m[31m[1m^[22m[39m[31m[1m^[22m[39m[31m[1m^[22m[39m[31m[1m^[22m[39m[31m[1m^[22m[39m[31m[1m^[22m[39m[31m[1m^[22m[39m[31m[1m^[22m[39m[31m[1m^[22m[39m[31m[1m^[22m[39m[31m[1m^[22m[39m[31m[1m^[22m[39m[31m[1m^[22m[39m[31m[1m^[22m[39m[31m[1m^[22m[39m[31m[1m^[22m[39m[31m[1m^[22m[39m[31m[1m^[22m[39m[31m[1m^[22m[39m[31m[1m^[22m[39m[31m[1m^[22m[39m[31m[1m^[22m[39m[31m[1m^[22m[39m[31m[1m^[22m[39m[31m[1m^[22m[39m[31m[1m^[22m[39m[31m[1m^[22m[39m[31m[1m^[22m[39m[31m[1m^[22m[39m[31m[1m^[22m[39m[31m[1m^[22m[39m[31m[1m^[22m[39m[31m[1m^[22m[39m[31m[1m^[22m[39m[31m[1m^[22m[39m[31m[1m^[22m[39m
 [90m 7 |[39m [36mimport[39m { [33mStoreSelector[39m } [36mfrom[39m [32m'./StoreSelector'[39m[33m;[39m
 [90m 8 |[39m
 [90m 9 |[39m [36mexport[39m [36mfunction[39m [33mMainLayout[39m({ children }[33m:[39m { children[33m:[39m [33mReact[39m[33m.[39m[33mReactNode[39m }) {[0m



Import trace:
  Server Component:
    ./src/components/MainLayout.tsx
    ./src/app/layout.tsx

https://nextjs.org/docs/messages/module-not-found


⨯ ./src/components/MainLayout.tsx:6:1
Module not found: Can't resolve './FloatingNav'
[0m [90m 4 |[39m [36mimport[39m { usePathname[33m,[39m useRouter } [36mfrom[39m [32m'next/navigation'[39m[33m;[39m
 [90m 5 |[39m [36mimport[39m { useEffect } [36mfrom[39m [32m'react'[39m[33m;[39m
[31m[1m>[22m[39m[90m 6 |[39m [36mimport[39m { [33mFloatingNav[39m } [36mfrom[39m [32m'./FloatingNav'[39m[33m;[39m
 [90m   |[39m [31m[1m^[22m[39m[31m[1m^[22m[39m[31m[1m^[22m[39m[31m[1m^[22m[39m[31m[1m^[22m[39m[31m[1m^[22m[39m[31m[1m^[22m[39m[31m[1m^[22m[39m[31m[1m^[22m[39m[31m[1m^[22m[39m[31m[1m^[22m[39m[31m[1m^[22m[39m[31m[1m^[22m[39m[31m[1m^[22m[39m[31m[1m^[22m[39m[31m[1m^[22m[39m[31m[1m^[22m[39m[31m[1m^[22m[39m[31m[1m^[22m[39m[31m[1m^[22m[39m[31m[1m^[22m[39m[31m[1m^[22m[39m[31m[1m^[22m[39m[31m[1m^[22m[39m[31m[1m^[22m[39m[31m[1m^[22m[39m[31m[1m^[22m[39m[31m[1m^[22m[39m[31m[1m^[22m[39m[31m[1m^[22m[39m[31m[1m^[22m[39m[31m[1m^[22m[39m[31m[1m^[22m[39m[31m[1m^[22m[39m[31m[1m^[22m[39m[31m[1m^[22m[39m[31m[1m^[22m[39m[31m[1m^[22m[39m[31m[1m^[22m[39m[31m[1m^[22m[39m[31m[1m^[22m[39m[31m[1m^[22m[39m[31m[1m^[22m[39m[31m[1m^[22m[39m
 [90m 7 |[39m [36mimport[39m { [33mStoreSelector[39m } [36mfrom[39m [32m'./StoreSelector'[39m[33m;[39m
 [90m 8 |[39m
 [90m 9 |[39m [36mexport[39m [36mfunction[39m [33mMainLayout[39m({ children }[33m:[39m { children[33m:[39m [33mReact[39m[33m.[39m[33mReactNode[39m }) {[0m



Import trace:
  Server Component:
    ./src/components/MainLayout.tsx
    ./src/app/layout.tsx

https://nextjs.org/docs/messages/module-not-found


⨯ ./src/components/MainLayout.tsx:6:1
Module not found: Can't resolve './FloatingNav'
[0m [90m 4 |[39m [36mimport[39m { usePathname[33m,[39m useRouter } [36mfrom[39m [32m'next/navigation'[39m[33m;[39m
 [90m 5 |[39m [36mimport[39m { useEffect } [36mfrom[39m [32m'react'[39m[33m;[39m
[31m[1m>[22m[39m[90m 6 |[39m [36mimport[39m { [33mFloatingNav[39m } [36mfrom[39m [32m'./FloatingNav'[39m[33m;[39m
 [90m   |[39m [31m[1m^[22m[39m[31m[1m^[22m[39m[31m[1m^[22m[39m[31m[1m^[22m[39m[31m[1m^[22m[39m[31m[1m^[22m[39m[31m[1m^[22m[39m[31m[1m^[22m[39m[31m[1m^[22m[39m[31m[1m^[22m[39m[31m[1m^[22m[39m[31m[1m^[22m[39m[31m[1m^[22m[39m[31m[1m^[22m[39m[31m[1m^[22m[39m[31m[1m^[22m[39m[31m[1m^[22m[39m[31m[1m^[22m[39m[31m[1m^[22m[39m[31m[1m^[22m[39m[31m[1m^[22m[39m[31m[1m^[22m[39m[31m[1m^[22m[39m[31m[1m^[22m[39m[31m[1m^[22m[39m[31m[1m^[22m[39m[31m[1m^[22m[39m[31m[1m^[22m[39m[31m[1m^[22m[39m[31m[1m^[22m[39m[31m[1m^[22m[39m[31m[1m^[22m[39m[31m[1m^[22m[39m[31m[1m^[22m[39m[31m[1m^[22m[39m[31m[1m^[22m[39m[31m[1m^[22m[39m[31m[1m^[22m[39m[31m[1m^[22m[39m[31m[1m^[22m[39m[31m[1m^[22m[39m[31m[1m^[22m[39m[31m[1m^[22m[39m[31m[1m^[22m[39m
 [90m 7 |[39m [36mimport[39m { [33mStoreSelector[39m } [36mfrom[39m [32m'./StoreSelector'[39m[33m;[39m
 [90m 8 |[39m
 [90m 9 |[39m [36mexport[39m [36mfunction[39m [33mMainLayout[39m({ children }[33m:[39m { children[33m:[39m [33mReact[39m[33m.[39m[33mReactNode[39m }) {[0m



Import trace:
  Server Component:
    ./src/components/MainLayout.tsx
    ./src/app/layout.tsx

https://nextjs.org/docs/messages/module-not-found


⨯ ./src/components/MainLayout.tsx:6:1
Module not found: Can't resolve './FloatingNav'
[0m [90m 4 |[39m [36mimport[39m { usePathname[33m,[39m useRouter } [36mfrom[39m [32m'next/navigation'[39m[33m;[39m
 [90m 5 |[39m [36mimport[39m { useEffect } [36mfrom[39m [32m'react'[39m[33m;[39m
[31m[1m>[22m[39m[90m 6 |[39m [36mimport[39m { [33mFloatingNav[39m } [36mfrom[39m [32m'./FloatingNav'[39m[33m;[39m
 [90m   |[39m [31m[1m^[22m[39m[31m[1m^[22m[39m[31m[1m^[22m[39m[31m[1m^[22m[39m[31m[1m^[22m[39m[31m[1m^[22m[39m[31m[1m^[22m[39m[31m[1m^[22m[39m[31m[1m^[22m[39m[31m[1m^[22m[39m[31m[1m^[22m[39m[31m[1m^[22m[39m[31m[1m^[22m[39m[31m[1m^[22m[39m[31m[1m^[22m[39m[31m[1m^[22m[39m[31m[1m^[22m[39m[31m[1m^[22m[39m[31m[1m^[22m[39m[31m[1m^[22m[39m[31m[1m^[22m[39m[31m[1m^[22m[39m[31m[1m^[22m[39m[31m[1m^[22m[39m[31m[1m^[22m[39m[31m[1m^[22m[39m[31m[1m^[22m[39m[31m[1m^[22m[39m[31m[1m^[22m[39m[31m[1m^[22m[39m[31m[1m^[22m[39m[31m[1m^[22m[39m[31m[1m^[22m[39m[31m[1m^[22m[39m[31m[1m^[22m[39m[31m[1m^[22m[39m[31m[1m^[22m[39m[31m[1m^[22m[39m[31m[1m^[22m[39m[31m[1m^[22m[39m[31m[1m^[22m[39m[31m[1m^[22m[39m[31m[1m^[22m[39m
 [90m 7 |[39m [36mimport[39m { [33mStoreSelector[39m } [36mfrom[39m [32m'./StoreSelector'[39m[33m;[39m
 [90m 8 |[39m
 [90m 9 |[39m [36mexport[39m [36mfunction[39m [33mMainLayout[39m({ children }[33m:[39m { children[33m:[39m [33mReact[39m[33m.[39m[33mReactNode[39m }) {[0m



Import trace:
  Server Component:
    ./src/components/MainLayout.tsx
    ./src/app/layout.tsx

https://nextjs.org/docs/messages/module-not-found


⨯ ./src/components/MainLayout.tsx:6:1
Module not found: Can't resolve './FloatingNav'
[0m [90m 4 |[39m [36mimport[39m { usePathname[33m,[39m useRouter } [36mfrom[39m [32m'next/navigation'[39m[33m;[39m
 [90m 5 |[39m [36mimport[39m { useEffect } [36mfrom[39m [32m'react'[39m[33m;[39m
[31m[1m>[22m[39m[90m 6 |[39m [36mimport[39m { [33mFloatingNav[39m } [36mfrom[39m [32m'./FloatingNav'[39m[33m;[39m
 [90m   |[39m [31m[1m^[22m[39m[31m[1m^[22m[39m[31m[1m^[22m[39m[31m[1m^[22m[39m[31m[1m^[22m[39m[31m[1m^[22m[39m[31m[1m^[22m[39m[31m[1m^[22m[39m[31m[1m^[22m[39m[31m[1m^[22m[39m[31m[1m^[22m[39m[31m[1m^[22m[39m[31m[1m^[22m[39m[31m[1m^[22m[39m[31m[1m^[22m[39m[31m[1m^[22m[39m[31m[1m^[22m[39m[31m[1m^[22m[39m[31m[1m^[22m[39m[31m[1m^[22m[39m[31m[1m^[22m[39m[31m[1m^[22m[39m[31m[1m^[22m[39m[31m[1m^[22m[39m[31m[1m^[22m[39m[31m[1m^[22m[39m[31m[1m^[22m[39m[31m[1m^[22m[39m[31m[1m^[22m[39m[31m[1m^[22m[39m[31m[1m^[22m[39m[31m[1m^[22m[39m[31m[1m^[22m[39m[31m[1m^[22m[39m[31m[1m^[22m[39m[31m[1m^[22m[39m[31m[1m^[22m[39m[31m[1m^[22m[39m[31m[1m^[22m[39m[31m[1m^[22m[39m[31m[1m^[22m[39m[31m[1m^[22m[39m[31m[1m^[22m[39m
 [90m 7 |[39m [36mimport[39m { [33mStoreSelector[39m } [36mfrom[39m [32m'./StoreSelector'[39m[33m;[39m
 [90m 8 |[39m
 [90m 9 |[39m [36mexport[39m [36mfunction[39m [33mMainLayout[39m({ children }[33m:[39m { children[33m:[39m [33mReact[39m[33m.[39m[33mReactNode[39m }) {[0m



Import trace:
  Server Component:
    ./src/components/MainLayout.tsx
    ./src/app/layout.tsx

https://nextjs.org/docs/messages/module-not-found


✓ Compiled in 571ms
🔗 API_BASE_URL configurada: http://127.0.0.1:8000/api/financeiro
 GET /login 200 in 1549ms (compile: 905ms, render: 644ms)
○ Compiling / ...
 GET / 200 in 3.7s (compile: 3.6s, render: 65ms)
 GET /login 200 in 32ms (compile: 4ms, render: 29ms)
✓ Compiled in 425ms
🔗 API_BASE_URL configurada: http://127.0.0.1:8000/api/financeiro
 GET /login 200 in 1423ms (compile: 585ms, render: 838ms)
🔗 API_BASE_URL configurada: http://127.0.0.1:8000/api/financeiro
 GET / 200 in 251ms (compile: 115ms, render: 136ms)
 GET /login 200 in 33ms (compile: 6ms, render: 27ms)
